This is pdfTeX, Version 3.14159265-2.6-1.40.17 (MiKTeX 2.9.6210 64-bit) (preloaded format=pdflatex 2017.3.9)  26 JUL 2018 15:41
entering extended mode
**./Special_issue_rough_draft.tex
(Special_issue_rough_draft.tex
LaTeX2e <2017/01/01> patch level 1
Babel <3.9r> and hyphenation patterns for 75 language(s) loaded.
("C:\Program Files\MiKTeX 2.9\tex\latex\elsarticle\elsarticle.cls"
Document Class: elsarticle 2009/09/17, 1.2.0: Elsevier Ltd
\@bls=\dimen102
("C:\Program Files\MiKTeX 2.9\tex\latex\base\article.cls"
Document Class: article 2014/09/29 v1.4h Standard LaTeX document class
("C:\Program Files\MiKTeX 2.9\tex\latex\base\size12.clo"
File: size12.clo 2014/09/29 v1.4h Standard LaTeX file (size option)
)
\c@part=\count79
\c@section=\count80
\c@subsection=\count81
\c@subsubsection=\count82
\c@paragraph=\count83
\c@subparagraph=\count84
\c@figure=\count85
\c@table=\count86
\abovecaptionskip=\skip41
\belowcaptionskip=\skip42
\bibindent=\dimen103
)
("C:\Program Files\MiKTeX 2.9\tex\latex\graphics\graphicx.sty"
Package: graphicx 2014/10/28 v1.0g Enhanced LaTeX Graphics (DPC,SPQR)

("C:\Program Files\MiKTeX 2.9\tex\latex\graphics\keyval.sty"
Package: keyval 2014/10/28 v1.15 key=value parser (DPC)
\KV@toks@=\toks14
)
("C:\Program Files\MiKTeX 2.9\tex\latex\graphics\graphics.sty"
Package: graphics 2016/10/09 v1.0u Standard LaTeX Graphics (DPC,SPQR)

("C:\Program Files\MiKTeX 2.9\tex\latex\graphics\trig.sty"
Package: trig 2016/01/03 v1.10 sin cos tan (DPC)
)
("C:\Program Files\MiKTeX 2.9\tex\latex\graphics-cfg\graphics.cfg"
File: graphics.cfg 2016/06/04 v1.11 sample graphics configuration
)
Package graphics Info: Driver file: pdftex.def on input line 99.

("C:\Program Files\MiKTeX 2.9\tex\latex\graphics-def\pdftex.def"
File: pdftex.def 2017/01/12 v0.06k Graphics/color for pdfTeX

("C:\Program Files\MiKTeX 2.9\tex\generic\oberdiek\infwarerr.sty"
Package: infwarerr 2016/05/16 v1.4 Providing info/warning/error messages (HO)
)
("C:\Program Files\MiKTeX 2.9\tex\generic\oberdiek\ltxcmds.sty"
Package: ltxcmds 2016/05/16 v1.23 LaTeX kernel commands for general use (HO)
)
\Gread@gobject=\count87
))
\Gin@req@height=\dimen104
\Gin@req@width=\dimen105
)
("C:\Program Files\MiKTeX 2.9\tex\latex\psnfss\pifont.sty"
Package: pifont 2005/04/12 PSNFSS-v9.2a Pi font support (SPQR) 
LaTeX Font Info:    Try loading font information for U+pzd on input line 63.

("C:\Program Files\MiKTeX 2.9\tex\latex\psnfss\upzd.fd"
File: upzd.fd 2001/06/04 font definitions for U/pzd.
)
LaTeX Font Info:    Try loading font information for U+psy on input line 64.

("C:\Program Files\MiKTeX 2.9\tex\latex\psnfss\upsy.fd"
File: upsy.fd 2001/06/04 font definitions for U/psy.
))
\c@tnote=\count88
\c@fnote=\count89
\c@cnote=\count90
\c@ead=\count91
\c@author=\count92
\@eadauthor=\toks15
\c@affn=\count93
\absbox=\box26
\keybox=\box27
\Columnwidth=\dimen106
\space@left=\dimen107
\els@boxa=\box28
\els@boxb=\box29
\leftMargin=\dimen108
\@enLab=\toks16
\@sep=\skip43
\@@sep=\skip44

(Special_issue_rough_draft.spl)
("C:\Program Files\MiKTeX 2.9\tex\latex\natbib\natbib.sty"
Package: natbib 2010/09/13 8.31b (PWD, AO)
\bibhang=\skip45
\bibsep=\skip46
LaTeX Info: Redefining \cite on input line 694.
\c@NAT@ctr=\count94
)
\splwrite=\write3
\openout3 = `Special_issue_rough_draft.spl'.

)
("C:\Program Files\MiKTeX 2.9\tex\latex\amsfonts\amssymb.sty"
Package: amssymb 2013/01/14 v3.01 AMS font symbols

("C:\Program Files\MiKTeX 2.9\tex\latex\amsfonts\amsfonts.sty"
Package: amsfonts 2013/01/14 v3.01 Basic AMSFonts support
\@emptytoks=\toks17
\symAMSa=\mathgroup4
\symAMSb=\mathgroup5
LaTeX Font Info:    Overwriting math alphabet `\mathfrak' in version `bold'
(Font)                  U/euf/m/n --> U/euf/b/n on input line 106.
))
("C:\Program Files\MiKTeX 2.9\tex\latex\preprint\fullpage.sty"
Package: fullpage 1999/02/23 1.1 (PWD)
\FP@margin=\skip47
)
("C:\Program Files\MiKTeX 2.9\tex\latex\amsmath\amsmath.sty"
Package: amsmath 2016/11/05 v2.16a AMS math features
\@mathmargin=\skip48

For additional information on amsmath, use the `?' option.
("C:\Program Files\MiKTeX 2.9\tex\latex\amsmath\amstext.sty"
Package: amstext 2000/06/29 v2.01 AMS text

("C:\Program Files\MiKTeX 2.9\tex\latex\amsmath\amsgen.sty"
File: amsgen.sty 1999/11/30 v2.0 generic functions
\@emptytoks=\toks18
\ex@=\dimen109
))
("C:\Program Files\MiKTeX 2.9\tex\latex\amsmath\amsbsy.sty"
Package: amsbsy 1999/11/29 v1.2d Bold Symbols
\pmbraise@=\dimen110
)
("C:\Program Files\MiKTeX 2.9\tex\latex\amsmath\amsopn.sty"
Package: amsopn 2016/03/08 v2.02 operator names
)
\inf@bad=\count95
LaTeX Info: Redefining \frac on input line 213.
\uproot@=\count96
\leftroot@=\count97
LaTeX Info: Redefining \overline on input line 375.
\classnum@=\count98
\DOTSCASE@=\count99
LaTeX Info: Redefining \ldots on input line 472.
LaTeX Info: Redefining \dots on input line 475.
LaTeX Info: Redefining \cdots on input line 596.
\Mathstrutbox@=\box30
\strutbox@=\box31
\big@size=\dimen111
LaTeX Font Info:    Redeclaring font encoding OML on input line 712.
LaTeX Font Info:    Redeclaring font encoding OMS on input line 713.
\macc@depth=\count100
\c@MaxMatrixCols=\count101
\dotsspace@=\muskip10
\c@parentequation=\count102
\dspbrk@lvl=\count103
\tag@help=\toks19
\row@=\count104
\column@=\count105
\maxfields@=\count106
\andhelp@=\toks20
\eqnshift@=\dimen112
\alignsep@=\dimen113
\tagshift@=\dimen114
\tagwidth@=\dimen115
\totwidth@=\dimen116
\lineht@=\dimen117
\@envbody=\toks21
\multlinegap=\skip49
\multlinetaggap=\skip50
\mathdisplay@stack=\toks22
LaTeX Info: Redefining \[ on input line 2817.
LaTeX Info: Redefining \] on input line 2818.
)
("C:\Program Files\MiKTeX 2.9\tex\latex\tools\indentfirst.sty"
Package: indentfirst 1995/11/23 v1.03 Indent first paragraph (DPC)
)
("C:\Program Files\MiKTeX 2.9\tex\latex\mhchem\mhchem.sty"
Package: mhchem 2017/01/16 v4.06 for typesetting chemical formulae

("C:\Program Files\MiKTeX 2.9\tex\latex\l3kernel\expl3.sty"
Package: expl3 2017/03/11 v6988 L3 programming layer (loader) 

("C:\Program Files\MiKTeX 2.9\tex\latex\l3kernel\expl3-code.tex"
Package: expl3 2017/03/11 v6988 L3 programming layer (code)
L3 Module: l3bootstrap 2016/12/28 v6805 L3 Bootstrap code
L3 Module: l3names 2017/02/19 v6962 L3 Namespace for primitives
L3 Module: l3basics 2017/02/14 v6929 L3 Basic definitions
L3 Module: l3expan 2017/02/20 v6967 L3 Argument expansion
L3 Module: l3tl 2017/02/20 v6967 L3 Token lists
L3 Module: l3str 2017/02/20 v6967 L3 Strings
L3 Module: l3seq 2017/02/20 v6967 L3 Sequences and stacks
L3 Module: l3int 2017/02/18 v6949 L3 Integers
\c_max_int=\count107
\l_tmpa_int=\count108
\l_tmpb_int=\count109
\g_tmpa_int=\count110
\g_tmpb_int=\count111
L3 Module: l3flag 2017/02/20 v6969 L3 Flags
L3 Module: l3quark 2017/02/17 v6947 L3 Quarks
L3 Module: l3prg 2017/02/12 v6906 L3 Control structures
\g__prg_map_int=\count112
L3 Module: l3clist 2017/02/20 v6967 L3 Comma separated lists
L3 Module: l3token 2017/02/20 v6967 L3 Experimental token manipulation
L3 Module: l3prop 2017/02/12 v6906 L3 Property lists
L3 Module: l3msg 2017/02/20 v6966 L3 Messages
L3 Module: l3file 2017/02/20 v6964 L3 File and I/O operations
\c_log_iow=\count113
\l_iow_line_count_int=\count114
\l__iow_line_target_int=\count115
\l__iow_one_indent_int=\count116
\l__iow_indent_int=\count117
L3 Module: l3skip 2017/02/20 v6968 L3 Dimensions and skips
\c_zero_dim=\dimen118
\c_max_dim=\dimen119
\l_tmpa_dim=\dimen120
\l_tmpb_dim=\dimen121
\g_tmpa_dim=\dimen122
\g_tmpb_dim=\dimen123
\c_zero_skip=\skip51
\c_max_skip=\skip52
\l_tmpa_skip=\skip53
\l_tmpb_skip=\skip54
\g_tmpa_skip=\skip55
\g_tmpb_skip=\skip56
\c_zero_muskip=\muskip11
\c_max_muskip=\muskip12
\l_tmpa_muskip=\muskip13
\l_tmpb_muskip=\muskip14
\g_tmpa_muskip=\muskip15
\g_tmpb_muskip=\muskip16
L3 Module: l3keys 2017/02/12 v6906 L3 Key-value interfaces
\l_keys_choice_int=\count118
L3 Module: l3fp 2017/03/11 v6987 L3 Floating points
\c__fp_leading_shift_int=\count119
\c__fp_middle_shift_int=\count120
\c__fp_trailing_shift_int=\count121
\c__fp_big_leading_shift_int=\count122
\c__fp_big_middle_shift_int=\count123
\c__fp_big_trailing_shift_int=\count124
\c__fp_Bigg_leading_shift_int=\count125
\c__fp_Bigg_middle_shift_int=\count126
\c__fp_Bigg_trailing_shift_int=\count127
\c__fp_rand_size_int=\count128
\c__fp_rand_four_int=\count129
\c__fp_rand_eight_int=\count130
L3 Module: l3sort 2017/02/20 v6967 L3 Sorting functions
\l__sort_length_int=\count131
\l__sort_min_int=\count132
\l__sort_top_int=\count133
\l__sort_max_int=\count134
\l__sort_true_max_int=\count135
\l__sort_block_int=\count136
\l__sort_begin_int=\count137
\l__sort_end_int=\count138
\l__sort_A_int=\count139
\l__sort_B_int=\count140
\l__sort_C_int=\count141
L3 Module: l3box 2017/02/17 v6943 L3 Experimental boxes
\c_empty_box=\box32
\l_tmpa_box=\box33
\l_tmpb_box=\box34
\g_tmpa_box=\box35
\g_tmpb_box=\box36
L3 Module: l3coffins 2017/02/12 v6906 L3 Coffin code layer
\l__coffin_internal_box=\box37
\l__coffin_internal_dim=\dimen124
\l__coffin_offset_x_dim=\dimen125
\l__coffin_offset_y_dim=\dimen126
\l__coffin_x_dim=\dimen127
\l__coffin_y_dim=\dimen128
\l__coffin_x_prime_dim=\dimen129
\l__coffin_y_prime_dim=\dimen130
\c_empty_coffin=\box38
\l__coffin_aligned_coffin=\box39
\l__coffin_aligned_internal_coffin=\box40
\l_tmpa_coffin=\box41
\l_tmpb_coffin=\box42
\l__coffin_display_coffin=\box43
\l__coffin_display_coord_coffin=\box44
\l__coffin_display_pole_coffin=\box45
\l__coffin_display_offset_dim=\dimen131
\l__coffin_display_x_dim=\dimen132
\l__coffin_display_y_dim=\dimen133
L3 Module: l3color 2016/12/28 v6805 L3 Experimental color support
L3 Module: l3sys 2017/02/22 v6976 L3 Experimental system/runtime functions
L3 Module: l3deprecation 2017/02/20 v6966 L3 Deprecation errors
L3 Module: l3candidates 2017/02/20 v6967 L3 Experimental additions to l3kernel
\l__box_top_dim=\dimen134
\l__box_bottom_dim=\dimen135
\l__box_left_dim=\dimen136
\l__box_right_dim=\dimen137
\l__box_top_new_dim=\dimen138
\l__box_bottom_new_dim=\dimen139
\l__box_left_new_dim=\dimen140
\l__box_right_new_dim=\dimen141
\l__box_internal_box=\box46
\l__coffin_bounding_shift_dim=\dimen142
\l__coffin_left_corner_dim=\dimen143
\l__coffin_right_corner_dim=\dimen144
\l__coffin_bottom_corner_dim=\dimen145
\l__coffin_top_corner_dim=\dimen146
\l__coffin_scaled_total_height_dim=\dimen147
\l__coffin_scaled_width_dim=\dimen148
L3 Module: l3luatex 2017/02/18 v6953 L3 Experimental LuaTeX-specific functions
)
("C:\Program Files\MiKTeX 2.9\tex\latex\l3kernel\l3pdfmode.def"
File: l3pdfmode.def 2017/02/18 v6953 L3 Experimental driver: PDF mode
\l__driver_color_stack_int=\count142
\l__driver_tmp_box=\box47
))
("C:\Program Files\MiKTeX 2.9\tex\latex\l3packages\l3keys2e\l3keys2e.sty"
Package: l3keys2e 2017/03/11 v6988 LaTeX2e option processing using LaTeX3 keys
)
("C:\Program Files\MiKTeX 2.9\tex\latex\l3experimental\l3str\l3regex.sty"
Package: l3regex 2017/03/11 v6988 L3 Experimental regular expressions

("C:\Program Files\MiKTeX 2.9\tex\latex\l3experimental\l3str\l3tl-build.sty"
Package: l3tl-build 2017/03/11 v6988 L3 Experimental token list construction
\l__tl_build_start_index_int=\count143
\l__tl_build_index_int=\count144
)
("C:\Program Files\MiKTeX 2.9\tex\latex\l3experimental\l3str\l3tl-analysis.sty"
Package: l3tl-analysis 2017/02/18 v6948 L3 Experimental token lists analysis
\l__tl_analysis_normal_int=\count145
\l__tl_analysis_index_int=\count146
\l__tl_analysis_nesting_int=\count147
\l__tl_analysis_type_int=\count148
) ("C:\Program Files\MiKTeX 2.9\tex\latex\l3experimental\l3str\l3str-convert.st
y"
Package: l3str-convert 2017/02/20 v6969 L3 Experimental string encoding convers
ions
\l__str_internal_int=\count149
\c__str_replacement_char_int=\count150
)
\l__regex_internal_a_int=\count151
\l__regex_internal_b_int=\count152
\l__regex_internal_c_int=\count153
\l__regex_balance_int=\count154
\l__regex_group_level_int=\count155
\l__regex_mode_int=\count156
\c__regex_cs_in_class_mode_int=\count157
\c__regex_cs_mode_int=\count158
\l__regex_catcodes_int=\count159
\l__regex_default_catcodes_int=\count160
\c__regex_catcode_D_int=\count161
\c__regex_catcode_S_int=\count162
\c__regex_catcode_L_int=\count163
\c__regex_catcode_O_int=\count164
\c__regex_catcode_A_int=\count165
\c__regex_all_catcodes_int=\count166
\l__regex_show_lines_int=\count167
\l__regex_min_state_int=\count168
\l__regex_max_state_int=\count169
\l__regex_left_state_int=\count170
\l__regex_right_state_int=\count171
\l__regex_capturing_group_int=\count172
\l__regex_min_pos_int=\count173
\l__regex_max_pos_int=\count174
\l__regex_current_pos_int=\count175
\l__regex_start_pos_int=\count176
\l__regex_success_pos_int=\count177
\l__regex_current_char_int=\count178
\l__regex_current_catcode_int=\count179
\l__regex_last_char_int=\count180
\l__regex_case_changed_char_int=\count181
\l__regex_current_state_int=\count182
\l__regex_step_int=\count183
\l__regex_min_active_int=\count184
\l__regex_max_active_int=\count185
\l__regex_replacement_csnames_int=\count186
\l__regex_match_count_int=\count187
\l__regex_submatch_int=\count188
\l__regex_zeroth_submatch_int=\count189
) ("C:\Program Files\MiKTeX 2.9\tex\latex\tools\calc.sty"
Package: calc 2014/10/28 v4.3 Infix arithmetic (KKT,FJ)
\calc@Acount=\count190
\calc@Bcount=\count191
\calc@Adimen=\dimen149
\calc@Bdimen=\dimen150
\calc@Askip=\skip57
\calc@Bskip=\skip58
LaTeX Info: Redefining \setlength on input line 80.
LaTeX Info: Redefining \addtolength on input line 81.
\calc@Ccount=\count192
\calc@Cskip=\skip59
)
("C:\Program Files\MiKTeX 2.9\tex\latex\chemgreek\chemgreek.sty"
("C:\Program Files\MiKTeX 2.9\tex\latex\l3packages\xparse\xparse.sty"
Package: xparse 2017/03/11 v6988 L3 Experimental document command parser
\l__xparse_current_arg_int=\count193
\g__xparse_grabber_int=\count194
\l__xparse_m_args_int=\count195
\l__xparse_mandatory_args_int=\count196
\l__xparse_v_nesting_int=\count197
)
Package: chemgreek 2016/12/20 v1.1 interfaceforuprightgreeklettersforuseinchemi
stry (CN)
\l__chemgreek_tmpa_int=\count198
\g__chemgreek_tmpa_int=\count199
.................................................
. LaTeX info: "xparse/define-command"
. 
. Defining command \newchemgreekmapping with sig. 'O{}mm' on line 336.
.................................................
.................................................
. LaTeX info: "xparse/define-command"
. 
. Defining command \renewchemgreekmapping with sig. 'O{}mm' on line 339.
.................................................
.................................................
. LaTeX info: "xparse/define-command"
. 
. Defining command \declarechemgreekmapping with sig. 'O{}mm' on line 342.
.................................................
.................................................
. LaTeX info: "xparse/define-command"
. 
. Defining command \newchemgreekmappingalias with sig. 'mm' on line 347.
.................................................
.................................................
. LaTeX info: "xparse/define-command"
. 
. Defining command \renewchemgreekmappingalias with sig. 'mm' on line 350.
.................................................
.................................................
. LaTeX info: "xparse/define-command"
. 
. Defining command \declarechemgreekmappingalias with sig. 'mm' on line 353.
.................................................
.................................................
. LaTeX info: "xparse/define-command"
. 
. Defining command \changechemgreeksymbol with sig. 'mmmm' on line 383.
.................................................
.................................................
. LaTeX info: "xparse/define-command"
. 
. Defining command \chemgreekmappingsymbol with sig. 'mm' on line 477.
.................................................
.................................................
. LaTeX info: "xparse/define-command"
. 
. Defining command \activatechemgreekmapping with sig. 'sm' on line 486.
.................................................
.................................................
. LaTeX info: "xparse/define-command"
. 
. Defining command \selectchemgreekmapping with sig. 'm' on line 491.
.................................................
)
\l__mhchem_ce_distanceFromLastComma_int=\count266
\__mhchem_arrow_extPgfLength_skip=\skip60
\mhchem@minispace@tmp=\skip61
\mhchem@minibackspace@tmp=\skip62
\mhchem@bondwidth=\skip63
\mhchem@bondheight=\skip64
\mhchem@smallbondwidth@tmpA=\skip65
\mhchem@smallbondwidth@tmpB=\skip66
\mhchem@smallbondwidth=\skip67
\mhchem@bondtmp@minussidebearingleft=\skip68
\mhchem@bondtmp@minussidebearingright=\skip69
\l__mhchem_option_version_int=\count267
\mhchem@option@minusmathsidebearingleft=\dimen151
\mhchem@option@minusmathsidebearingright=\dimen152
\mhchem@option@minustextsidebearingleft=\dimen153
\mhchem@option@minustextsidebearingright=\dimen154
)
("C:\Program Files\MiKTeX 2.9\tex\latex\base\fontenc.sty"
Package: fontenc 2017/01/24 v2.0c Standard LaTeX package

("C:\Program Files\MiKTeX 2.9\tex\latex\base\t1enc.def"
File: t1enc.def 2017/01/24 v2.0c Standard LaTeX file
LaTeX Font Info:    Redeclaring font encoding T1 on input line 48.
))
(Special_issue_rough_draft.aux)
\openout1 = `Special_issue_rough_draft.aux'.

LaTeX Font Info:    Checking defaults for OML/cmm/m/it on input line 128.
LaTeX Font Info:    ... okay on input line 128.
LaTeX Font Info:    Checking defaults for T1/cmr/m/n on input line 128.
LaTeX Font Info:    ... okay on input line 128.
LaTeX Font Info:    Checking defaults for OT1/cmr/m/n on input line 128.
LaTeX Font Info:    ... okay on input line 128.
LaTeX Font Info:    Checking defaults for OMS/cmsy/m/n on input line 128.
LaTeX Font Info:    ... okay on input line 128.
LaTeX Font Info:    Checking defaults for OMX/cmex/m/n on input line 128.
LaTeX Font Info:    ... okay on input line 128.
LaTeX Font Info:    Checking defaults for U/cmr/m/n on input line 128.
LaTeX Font Info:    ... okay on input line 128.

("C:\Program Files\MiKTeX 2.9\tex\context\base\supp-pdf.mkii"
[Loading MPS to PDF converter (version 2006.09.02).]
\scratchcounter=\count268
\scratchdimen=\dimen155
\scratchbox=\box48
\nofMPsegments=\count269
\nofMParguments=\count270
\everyMPshowfont=\toks23
\MPscratchCnt=\count271
\MPscratchDim=\dimen156
\MPnumerator=\count272
\makeMPintoPDFobject=\count273
\everyMPtoPDFconversion=\toks24
) ("C:\Program Files\MiKTeX 2.9\tex\generic\oberdiek\pdftexcmds.sty"
Package: pdftexcmds 2016/05/21 v0.22 Utility functions of pdfTeX for LuaTeX (HO
)

("C:\Program Files\MiKTeX 2.9\tex\generic\oberdiek\ifluatex.sty"
Package: ifluatex 2016/05/16 v1.4 Provides the ifluatex switch (HO)
Package ifluatex Info: LuaTeX not detected.
)
("C:\Program Files\MiKTeX 2.9\tex\generic\oberdiek\ifpdf.sty"
Package: ifpdf 2016/05/14 v3.1 Provides the ifpdf switch
)
Package pdftexcmds Info: LuaTeX not detected.
Package pdftexcmds Info: \pdf@primitive is available.
Package pdftexcmds Info: \pdf@ifprimitive is available.
Package pdftexcmds Info: \pdfdraftmode found.
)
("C:\Program Files\MiKTeX 2.9\tex\latex\oberdiek\epstopdf-base.sty"
Package: epstopdf-base 2016/05/15 v2.6 Base part for package epstopdf

("C:\Program Files\MiKTeX 2.9\tex\latex\oberdiek\grfext.sty"
Package: grfext 2016/05/16 v1.2 Manage graphics extensions (HO)

("C:\Program Files\MiKTeX 2.9\tex\generic\oberdiek\kvdefinekeys.sty"
Package: kvdefinekeys 2016/05/16 v1.4 Define keys (HO)
))
("C:\Program Files\MiKTeX 2.9\tex\latex\oberdiek\kvoptions.sty"
Package: kvoptions 2016/05/16 v3.12 Key value format for package options (HO)

("C:\Program Files\MiKTeX 2.9\tex\generic\oberdiek\kvsetkeys.sty"
Package: kvsetkeys 2016/05/16 v1.17 Key value parser (HO)

("C:\Program Files\MiKTeX 2.9\tex\generic\oberdiek\etexcmds.sty"
Package: etexcmds 2016/05/16 v1.6 Avoid name clashes with e-TeX commands (HO)
Package etexcmds Info: Could not find \expanded.
(etexcmds)             That can mean that you are not using pdfTeX 1.50 or
(etexcmds)             that some package has redefined \expanded.
(etexcmds)             In the latter case, load this package earlier.
)))
Package epstopdf-base Info: Redefining graphics rule for `.eps' on input line 4
38.
Package grfext Info: Graphics extension search list:
(grfext)             [.png,.pdf,.jpg,.mps,.jpeg,.jbig2,.jb2,.PNG,.PDF,.JPG,.JPE
G,.JBIG2,.JB2,.eps]
(grfext)             \AppendGraphicsExtensions on input line 456.
)
.................................................
. chemgreek info: "mapping-activated"
. 
. Activating mapping `default' on line 128.
.................................................
LaTeX Font Info:    Try loading font information for U+msa on input line 211.

("C:\Program Files\MiKTeX 2.9\tex\latex\amsfonts\umsa.fd"
File: umsa.fd 2013/01/14 v3.01 AMS symbols A
)
LaTeX Font Info:    Try loading font information for U+msb on input line 211.

("C:\Program Files\MiKTeX 2.9\tex\latex\amsfonts\umsb.fd"
File: umsb.fd 2013/01/14 v3.01 AMS symbols B
)
LaTeX Font Info:    Try loading font information for T1+cmtt on input line 235.


("C:\Program Files\MiKTeX 2.9\tex\latex\base\t1cmtt.fd"
File: t1cmtt.fd 2014/09/29 v2.5h Standard LaTeX font definitions
) [1


{C:/ProgramData/MiKTeX/2.9/pdftex/config/pdftex.map}] [2] [3] [4] [5] [6]
Overfull \hbox (0.91711pt too wide) in paragraph at lines 452--468
 [] 
 []

[7] [8]
Overfull \hbox (77.3341pt too wide) in paragraph at lines 541--552
 [] 
 []


LaTeX Warning: `!h' float specifier changed to `!ht'.

[9] [10] [11]
Overfull \hbox (1.43123pt too wide) in paragraph at lines 669--670
[]\T1/cmr/m/n/12 As rec-om-mended by ``Best Prac-tices'', un-cer-tain-ties are 
ob-tained by boot-strap re-sampling.
 []

[12]
Overfull \hbox (3.2192pt too wide) in paragraph at lines 718--719
\T1/cmr/m/n/12 methylpentane, and 2,2,4-trimethylpentane. 2,2-dimethylpropane a
nd 2,2,4-trimethylpentane
 []

<figures/Ethane_eta_MCMC.pdf, id=60, 722.7pt x 722.7pt>
File: figures/Ethane_eta_MCMC.pdf Graphic file (type pdf)

<use figures/Ethane_eta_MCMC.pdf>
Package pdftex.def Info: figures/Ethane_eta_MCMC.pdf used on input line 744.
(pdftex.def)             Requested size: 231.26378pt x 231.25769pt.

Overfull \hbox (2.82394pt too wide) in paragraph at lines 749--750
[]\T1/cmr/m/n/12 Figure 2[] com-pares the TraPPE, Potoff, and TAMie sat-u-rated
 liq-uid vis-cosi-ties for propane,
 []

[13]
<figures/compare_force_fields_short_normal.pdf, id=65, 722.7pt x 1445.4pt>
File: figures/compare_force_fields_short_normal.pdf Graphic file (type pdf)

<use figures/compare_force_fields_short_normal.pdf>
Package pdftex.def Info: figures/compare_force_fields_short_normal.pdf used on 
input line 755.
(pdftex.def)             Requested size: 231.26378pt x 462.5154pt.

<figures/compare_force_fields_long_normal.pdf, id=66, 722.7pt x 1445.4pt>
File: figures/compare_force_fields_long_normal.pdf Graphic file (type pdf)

<use figures/compare_force_fields_long_normal.pdf>
Package pdftex.def Info: figures/compare_force_fields_long_normal.pdf used on i
nput line 764.
(pdftex.def)             Requested size: 231.26378pt x 462.5154pt.

Overfull \hbox (42.90723pt too wide) in paragraph at lines 816--817
\T1/cmr/m/n/12 dimethylpropane, 2-methylbutane, and 2,3-dimethylbutane, while F
ig-ure 5[] con-tains 2-methylpentane,
 []

[14 <./figures/Ethane_eta_MCMC.pdf>] [15 <./figures/compare_force_fields_short_
normal.pdf>]
<figures/compare_force_fields_short_branched.pdf, id=193, 722.7pt x 1445.4pt>
File: figures/compare_force_fields_short_branched.pdf Graphic file (type pdf)

<use figures/compare_force_fields_short_branched.pdf>
Package pdftex.def Info: figures/compare_force_fields_short_branched.pdf used o
n input line 822.
(pdftex.def)             Requested size: 231.26378pt x 462.5154pt.
 [16 <./figures/compare_force_fields_long_normal.pdf>]
<figures/compare_force_fields_long_branched.pdf, id=256, 722.7pt x 1445.4pt>
File: figures/compare_force_fields_long_branched.pdf Graphic file (type pdf)

<use figures/compare_force_fields_long_branched.pdf>
Package pdftex.def Info: figures/compare_force_fields_long_branched.pdf used on
 input line 829.
(pdftex.def)             Requested size: 231.26378pt x 462.5154pt.
 [17 <./figures/compare_force_fields_short_branched.pdf>] [18 <./figures/compar
e_force_fields_long_branched.pdf>]
Overfull \hbox (8.4227pt too wide) in paragraph at lines 838--839
[]\T1/cmr/m/n/12 The de-vi-a-tions for each force field are largest for 2-methy
lpropane and 2,2-dimethylpropane.
 []

[19] <figures/compare_REFPROP_T293highP_C3H8.pdf, id=388, 1445.4pt x 1445.4pt>
File: figures/compare_REFPROP_T293highP_C3H8.pdf Graphic file (type pdf)

<use figures/compare_REFPROP_T293highP_C3H8.pdf>
Package pdftex.def Info: figures/compare_REFPROP_T293highP_C3H8.pdf used on inp
ut line 890.
(pdftex.def)             Requested size: 462.52756pt x 462.5154pt.

<figures/compare_REFPROP_T293highP_C4H10.pdf, id=389, 1445.4pt x 1445.4pt>
File: figures/compare_REFPROP_T293highP_C4H10.pdf Graphic file (type pdf)

<use figures/compare_REFPROP_T293highP_C4H10.pdf>
Package pdftex.def Info: figures/compare_REFPROP_T293highP_C4H10.pdf used on in
put line 901.
(pdftex.def)             Requested size: 462.52756pt x 462.5154pt.

<figures/compare_REFPROP_T293highP_C8H18.pdf, id=390, 1445.4pt x 722.7pt>
File: figures/compare_REFPROP_T293highP_C8H18.pdf Graphic file (type pdf)

<use figures/compare_REFPROP_T293highP_C8H18.pdf>
Package pdftex.def Info: figures/compare_REFPROP_T293highP_C8H18.pdf used on in
put line 908.
(pdftex.def)             Requested size: 462.52756pt x 231.25769pt.
 [20] [21 <./figures/compare_REFPROP_T293highP_C3H8.pdf>]
<figures/compare_REFPROP_T293highP_IC4H10.pdf, id=456, 1445.4pt x 722.7pt>
File: figures/compare_REFPROP_T293highP_IC4H10.pdf Graphic file (type pdf)

<use figures/compare_REFPROP_T293highP_IC4H10.pdf>
Package pdftex.def Info: figures/compare_REFPROP_T293highP_IC4H10.pdf used on i
nput line 940.
(pdftex.def)             Requested size: 462.52756pt x 231.25769pt.

<figures/compare_REFPROP_T293highP_IC5H12.pdf, id=457, 1445.4pt x 722.7pt>
File: figures/compare_REFPROP_T293highP_IC5H12.pdf Graphic file (type pdf)

<use figures/compare_REFPROP_T293highP_IC5H12.pdf>
Package pdftex.def Info: figures/compare_REFPROP_T293highP_IC5H12.pdf used on i
nput line 947.
(pdftex.def)             Requested size: 462.52756pt x 231.25769pt.

<figures/compare_REFPROP_T293highP_3MPentane.pdf, id=458, 1445.4pt x 722.7pt>
File: figures/compare_REFPROP_T293highP_3MPentane.pdf Graphic file (type pdf)

<use figures/compare_REFPROP_T293highP_3MPentane.pdf>
Package pdftex.def Info: figures/compare_REFPROP_T293highP_3MPentane.pdf used o
n input line 954.
(pdftex.def)             Requested size: 462.52756pt x 231.25769pt.

<figures/compare_REFPROP_T293highP_IC8H18_without_devPlots.pdf, id=459, 1445.4p
t x 722.7pt>
File: figures/compare_REFPROP_T293highP_IC8H18_without_devPlots.pdf Graphic fil
e (type pdf)

<use figures/compare_REFPROP_T293highP_IC8H18_without_devPlots.pdf>
Package pdftex.def Info: figures/compare_REFPROP_T293highP_IC8H18_without_devPl
ots.pdf used on input line 961.
(pdftex.def)             Requested size: 462.52756pt x 231.25769pt.
 [22 <./figures/compare_REFPROP_T293highP_C4H10.pdf>]
Overfull \vbox (27.22331pt too high) has occurred while \output is active []


[23 <./figures/compare_REFPROP_T293highP_C8H18.pdf> <./figures/compare_REFPROP_
T293highP_IC4H10.pdf

pdfTeX warning: pdflatex.exe (file ./figures/compare_REFPROP_T293highP_IC4H10.p
df): PDF inclusion: multiple pdfs with page group included in a single page
>]

LaTeX Warning: Text page 24 contains only floats.

[24 <./figures/compare_REFPROP_T293highP_IC5H12.pdf> <./figures/compare_REFPROP
_T293highP_3MPentane.pdf

pdfTeX warning: pdflatex.exe (file ./figures/compare_REFPROP_T293highP_3MPentan
e.pdf): PDF inclusion: multiple pdfs with page group included in a single page
>] <figures/RDF_comparison_CH3.pdf, id=751, 867.24pt x 1734.48pt>
File: figures/RDF_comparison_CH3.pdf Graphic file (type pdf)

<use figures/RDF_comparison_CH3.pdf>
Package pdftex.def Info: figures/RDF_comparison_CH3.pdf used on input line 976.

(pdftex.def)             Requested size: 231.26378pt x 462.5198pt.
 [25 <./figures/compare_REFPROP_T293highP_IC8H18_without_devPlots.pdf>] [26 <./
figures/RDF_comparison_CH3.pdf>]
<figures/C3H8_Potoff_finite_size_effects.pdf, id=860, 722.7pt x 722.7pt>
File: figures/C3H8_Potoff_finite_size_effects.pdf Graphic file (type pdf)

<use figures/C3H8_Potoff_finite_size_effects.pdf>
Package pdftex.def Info: figures/C3H8_Potoff_finite_size_effects.pdf used on in
put line 1021.
(pdftex.def)             Requested size: 231.26378pt x 231.25769pt.
 [27 <./figures/C3H8_Potoff_finite_size_effects.pdf>]
<figures/empty_figure.jpg, id=897, 246.9225pt x 205.76875pt>
File: figures/empty_figure.jpg Graphic file (type jpg)

<use figures/empty_figure.jpg>
Package pdftex.def Info: figures/empty_figure.jpg used on input line 1093.
(pdftex.def)             Requested size: 231.26378pt x 192.71933pt.
 [28 <./figures/empty_figure.jpg>] [29] [30]
(Special_issue_rough_draft.bbl [31] [32] [33] [34] [35] [36]) [37] [38]
<figures/simulation_time.pdf, id=933, 867.24pt x 867.24pt>
File: figures/simulation_time.pdf Graphic file (type pdf)

<use figures/simulation_time.pdf>
Package pdftex.def Info: figures/simulation_time.pdf used on input line 1228.
(pdftex.def)             Requested size: 231.26378pt x 231.2599pt.
 [39 <./figures/simulation_time.pdf>]
<figures/most_viscous_systems.pdf, id=981, 867.24pt x 867.24pt>
File: figures/most_viscous_systems.pdf Graphic file (type pdf)

<use figures/most_viscous_systems.pdf>
Package pdftex.def Info: figures/most_viscous_systems.pdf used on input line 12
37.
(pdftex.def)             Requested size: 231.26378pt x 231.2599pt.
File: figures/empty_figure.jpg Graphic file (type jpg)
 <use figures/empty_figure.jpg>
Package pdftex.def Info: figures/empty_figure.jpg used on input line 1262.
(pdftex.def)             Requested size: 231.26378pt x 192.71933pt.

<figures/validation_TraPPE_octane.png, id=982, 1040.38687pt x 504.38437pt>
File: figures/validation_TraPPE_octane.png Graphic file (type png)

<use figures/validation_TraPPE_octane.png>
Package pdftex.def Info: figures/validation_TraPPE_octane.png used on input lin
e 1269.
(pdftex.def)             Requested size: 231.26378pt x 112.11165pt.
 [40 <./figures/most_viscous_systems.pdf>] [41 <./figures/validation_TraPPE_oct
ane.png>]
<figures/nAlkanes_TraPPE_BondType.pdf, id=1035, 722.7pt x 1445.4pt>
File: figures/nAlkanes_TraPPE_BondType.pdf Graphic file (type pdf)

<use figures/nAlkanes_TraPPE_BondType.pdf>
Package pdftex.def Info: figures/nAlkanes_TraPPE_BondType.pdf used on input lin
e 1302.
(pdftex.def)             Requested size: 231.26378pt x 462.5154pt.
 [42] [43 <./figures/nAlkanes_TraPPE_BondType.pdf>]
File: figures/empty_figure.jpg Graphic file (type jpg)
 <use figures/empty_figure.jpg>
Package pdftex.def Info: figures/empty_figure.jpg used on input line 1328.
(pdftex.def)             Requested size: 231.26378pt x 192.71933pt.
File: figures/empty_figure.jpg Graphic file (type jpg)
 <use figures/empty_figure.jpg>
Package pdftex.def Info: figures/empty_figure.jpg used on input line 1335.
(pdftex.def)             Requested size: 231.26378pt x 192.71933pt.
File: figures/empty_figure.jpg Graphic file (type jpg)

<use figures/empty_figure.jpg>
Package pdftex.def Info: figures/empty_figure.jpg used on input line 1342.
(pdftex.def)             Requested size: 231.26378pt x 192.71933pt.
File: figures/empty_figure.jpg Graphic file (type jpg)
 <use figures/empty_figure.jpg>
Package pdftex.def Info: figures/empty_figure.jpg used on input line 1349.
(pdftex.def)             Requested size: 231.26378pt x 192.71933pt.
 [44] [45]
(Special_issue_rough_draft.aux) ) 
Here is how much of TeX's memory you used:
 12659 strings out of 493333
 239351 string characters out of 3139198
 292053 words of memory out of 3000000
 16046 multiletter control sequences out of 15000+200000
 19272 words of font info for 58 fonts, out of 3000000 for 9000
 1141 hyphenation exceptions out of 8191
 39i,9n,38p,10427b,403s stack positions out of 5000i,500n,10000p,200000b,50000s
 <C:\Users\ram9\AppData\Local\MiKTeX\2.9\fonts
\pk\ljfour\jknappen\ec\dpi600\ecti1200.pk> <C:\Users\ram9\AppData\Local\MiKTeX\
2.9\fonts\pk\ljfour\jknappen\ec\dpi600\ecrm1000.pk> <C:\Users\ram9\AppData\Loca
l\MiKTeX\2.9\fonts\pk\ljfour\jknappen\ec\dpi600\ectt1000.pk> <C:\Users\ram9\App
Data\Local\MiKTeX\2.9\fonts\pk\ljfour\jknappen\ec\dpi600\ecbx1200.pk> <C:\Users
\ram9\AppData\Local\MiKTeX\2.9\fonts\pk\ljfour\jknappen\ec\dpi600\ecti1000.pk> 
<C:\Users\ram9\AppData\Local\MiKTeX\2.9\fonts\pk\ljfour\jknappen\ec\dpi600\ecrm
1200.pk> <C:\Users\ram9\AppData\Local\MiKTeX\2.9\fonts\pk\ljfour\jknappen\ec\dp
i600\ecrm1728.pk><C:/Program Files/MiKTeX 2.9/fonts/type1/public/amsfonts/cm/cm
ex10.pfb><C:/Program Files/MiKTeX 2.9/fonts/type1/public/amsfonts/cm/cmmi10.pfb
><C:/Program Files/MiKTeX 2.9/fonts/type1/public/amsfonts/cm/cmmi12.pfb><C:/Pro
gram Files/MiKTeX 2.9/fonts/type1/public/amsfonts/cm/cmmi6.pfb><C:/Program File
s/MiKTeX 2.9/fonts/type1/public/amsfonts/cm/cmmi7.pfb><C:/Program Files/MiKTeX 
2.9/fonts/type1/public/amsfonts/cm/cmmi8.pfb><C:/Program Files/MiKTeX 2.9/fonts
/type1/public/amsfonts/cm/cmr10.pfb><C:/Program Files/MiKTeX 2.9/fonts/type1/pu
blic/amsfonts/cm/cmr12.pfb><C:/Program Files/MiKTeX 2.9/fonts/type1/public/amsf
onts/cm/cmr5.pfb><C:/Program Files/MiKTeX 2.9/fonts/type1/public/amsfonts/cm/cm
r6.pfb><C:/Program Files/MiKTeX 2.9/fonts/type1/public/amsfonts/cm/cmr7.pfb><C:
/Program Files/MiKTeX 2.9/fonts/type1/public/amsfonts/cm/cmr8.pfb><C:/Program F
iles/MiKTeX 2.9/fonts/type1/public/amsfonts/cm/cmsy10.pfb><C:/Program Files/MiK
TeX 2.9/fonts/type1/public/amsfonts/cm/cmsy6.pfb><C:/Program Files/MiKTeX 2.9/f
onts/type1/public/amsfonts/cm/cmsy7.pfb><C:/Program Files/MiKTeX 2.9/fonts/type
1/public/amsfonts/cm/cmsy8.pfb>
Output written on Special_issue_rough_draft.pdf (45 pages, 939025 bytes).
PDF statistics:
 1536 PDF objects out of 1728 (max. 8388607)
 0 named destinations out of 1000 (max. 500000)
 96 words of extra memory for PDF output out of 10000 (max. 10000000)

